Started GET "/" for 127.0.0.1 at 2017-07-10 21:41:27 -0500
Processing by Rails::WelcomeController#index as HTML
  Rendering /Users/KK/.rbenv/versions/2.3.1/lib/ruby/gems/2.3.0/gems/railties-5.1.2/lib/rails/templates/rails/welcome/index.html.erb
  Rendered /Users/KK/.rbenv/versions/2.3.1/lib/ruby/gems/2.3.0/gems/railties-5.1.2/lib/rails/templates/rails/welcome/index.html.erb (4.2ms)
Completed 200 OK in 316ms (Views: 12.2ms)


Started GET "/" for 127.0.0.1 at 2017-07-10 22:02:05 -0500
Processing by ApplicationController#hello as HTML
  Rendering html template
  Rendered html template (0.5ms)
Completed 200 OK in 3ms (Views: 2.8ms)


Started GET "/" for 127.0.0.1 at 2017-07-10 22:05:58 -0500
Processing by ApplicationController#hello as HTML
  Rendering html template
  Rendered html template (0.0ms)
Completed 200 OK in 1ms (Views: 1.0ms)


Started GET "/" for 127.0.0.1 at 2017-07-11 10:59:31 -0500
Processing by ApplicationController#hello as HTML
  Rendering html template
  Rendered html template (0.1ms)
Completed 200 OK in 208ms (Views: 7.3ms)


